<?xml version="1.0" encoding="UTF-8"?>
<testsuite xmlns:xsi="http://www.w3.org/2001/XMLSchema-instance" xsi:noNamespaceSchemaLocation="https://maven.apache.org/surefire/maven-surefire-plugin/xsd/surefire-test-report.xsd" name="TestSuite" time="384.761" tests="14" errors="0" skipped="0" failures="4">
  <properties>
[...]
</properties>
  <testcase name="clickOnRecruitmentTest" classname="com.orangehrm.qa.testcases.HomePageTest" time="21.593">
    <failure message="Unable to locate element: Candidates&#10;For documentation on this error, please visit: https://selenium.dev/exceptions/#no_such_element&#10;Build info: version: &apos;4.4.0&apos;, revision: &apos;e5c75ed026a&apos;&#10;System info: host: &apos;DESKTOP-2GDR6HM&apos;, ip: &apos;192.168.1.7&apos;, os.name: &apos;Windows 10&apos;, os.arch: &apos;amd64&apos;, os.version: &apos;10.0&apos;, java.version: &apos;11.0.16.1&apos;&#10;Driver info: org.openqa.selenium.firefox.FirefoxDriver&#10;Command: [f06da14d-5d08-466f-b316-605e9ac334fc, findElement {using=link text, value=Candidates}]&#10;Capabilities {acceptInsecureCerts: true, browserName: firefox, browserVersion: 104.0.2, moz:accessibilityChecks: false, moz:buildID: 20220902153754, moz:debuggerAddress: localhost:65136, moz:geckodriverVersion: 0.31.0, moz:headless: false, moz:platformVersion: 10.0, moz:processID: 6288, moz:profile: C:\Users\LENOVO\AppData\Loc..., moz:shutdownTimeout: 60000, moz:useNonSpecCompliantPointerOrigin: false, moz:webdriverClick: true, moz:windowless: false, pageLoadStrategy: normal, platformName: WINDOWS, proxy: Proxy(), se:cdp: ws://localhost:65136/devtoo..., se:cdpVersion: 85.0, setWindowRect: true, strictFileInteractability: false, timeouts: {implicit: 0, pageLoad: 300000, script: 30000}, unhandledPromptBehavior: dismiss and notify}&#10;Session ID: f06da14d-5d08-466f-b316-605e9ac334fc" type="org.openqa.selenium.NoSuchElementException">org.openqa.selenium.NoSuchElementException: 
Unable to locate element: Candidates
For documentation on this error, please visit: https://selenium.dev/exceptions/#no_such_element
Build info: version: '4.4.0', revision: 'e5c75ed026a'
System info: host: 'DESKTOP-2GDR6HM', ip: '192.168.1.7', os.name: 'Windows 10', os.arch: 'amd64', os.version: '10.0', java.version: '11.0.16.1'
Driver info: org.openqa.selenium.firefox.FirefoxDriver
Command: [f06da14d-5d08-466f-b316-605e9ac334fc, findElement {using=link text, value=Candidates}]
Capabilities {acceptInsecureCerts: true, browserName: firefox, browserVersion: 104.0.2, moz:accessibilityChecks: false, moz:buildID: 20220902153754, moz:debuggerAddress: localhost:65136, moz:geckodriverVersion: 0.31.0, moz:headless: false, moz:platformVersion: 10.0, moz:processID: 6288, moz:profile: C:\Users\LENOVO\AppData\Loc..., moz:shutdownTimeout: 60000, moz:useNonSpecCompliantPointerOrigin: false, moz:webdriverClick: true, moz:windowless: false, pageLoadStrategy: normal, platformName: WINDOWS, proxy: Proxy(), se:cdp: ws://localhost:65136/devtoo..., se:cdpVersion: 85.0, setWindowRect: true, strictFileInteractability: false, timeouts: {implicit: 0, pageLoad: 300000, script: 30000}, unhandledPromptBehavior: dismiss and notify}
Session ID: f06da14d-5d08-466f-b316-605e9ac334fc
	at com.orangehrm.qa.testcases.HomePageTest.clickOnRecruitmentTest(HomePageTest.java:49)
</failure>
    <system-out><![CDATA[Before navigating to: 'http://orangehrm.qedgetech.com'
Navigated to:'http://orangehrm.qedgetech.com'
Trying to find Element By : By.id: txtUsername
Found Element By : By.id: txtUsername
Trying to find Element By : By.id: txtPassword
Found Element By : By.id: txtPassword
Trying to find Element By : By.id: btnLogin
Found Element By : By.id: btnLogin
Trying to click on: [[FirefoxDriver: firefox on WINDOWS (f06da14d-5d08-466f-b316-605e9ac334fc)] -> id: btnLogin]
Clicked on: [[FirefoxDriver: firefox on WINDOWS (f06da14d-5d08-466f-b316-605e9ac334fc)] -> id: btnLogin]
Trying to find Element By : By.xpath: //a[@id='menu_recruitment_viewRecruitmentModule']
Found Element By : By.xpath: //a[@id='menu_recruitment_viewRecruitmentModule']
Trying to find Element By : By.linkText: Candidates
Exception occured: org.openqa.selenium.NoSuchElementException: Unable to locate element: Candidates
For documentation on this error, please visit: https://selenium.dev/exceptions/#no_such_element
Build info: version: '4.4.0', revision: 'e5c75ed026a'
System info: host: 'DESKTOP-2GDR6HM', ip: '192.168.1.7', os.name: 'Windows 10', os.arch: 'amd64', os.version: '10.0', java.version: '11.0.16.1'
Driver info: org.openqa.selenium.firefox.FirefoxDriver
Command: [f06da14d-5d08-466f-b316-605e9ac334fc, findElement {using=link text, value=Candidates}]
Capabilities {acceptInsecureCerts: true, browserName: firefox, browserVersion: 104.0.2, moz:accessibilityChecks: false, moz:buildID: 20220902153754, moz:debuggerAddress: localhost:65136, moz:geckodriverVersion: 0.31.0, moz:headless: false, moz:platformVersion: 10.0, moz:processID: 6288, moz:profile: C:\Users\LENOVO\AppData\Loc..., moz:shutdownTimeout: 60000, moz:useNonSpecCompliantPointerOrigin: false, moz:webdriverClick: true, moz:windowless: false, pageLoadStrategy: normal, platformName: WINDOWS, proxy: Proxy(), se:cdp: ws://localhost:65136/devtoo..., se:cdpVersion: 85.0, setWindowRect: true, strictFileInteractability: false, timeouts: {implicit: 0, pageLoad: 300000, script: 30000}, unhandledPromptBehavior: dismiss and notify}
Session ID: f06da14d-5d08-466f-b316-605e9ac334fc
]]></system-out>
    <system-err><![CDATA[SLF4J: Failed to load class "org.slf4j.impl.StaticLoggerBinder".
SLF4J: Defaulting to no-operation (NOP) logger implementation
SLF4J: See http://www.slf4j.org/codes.html#StaticLoggerBinder for further details.
log4j:WARN No appenders could be found for logger (io.netty.util.internal.logging.InternalLoggerFactory).
log4j:WARN Please initialize the log4j system properly.
1663612138702	geckodriver	INFO	Listening on 127.0.0.1:63285
1663612139854	mozrunner::runner	INFO	Running command: "C:\\Program Files\\Mozilla Firefox\\firefox.exe" "--marionette" "--remote-debugging-port" "65136" "--remote-allow-hosts" "localhost" "--remote-allow-origins" "http://localhost:65136/" "-no-remote" "-profile" "C:\\Users\\LENOVO\\AppData\\Local\\Temp\\rust_mozprofilewXoa2m"
1663612148415	Marionette	INFO	Marionette enabled
1663612148462	Marionette	INFO	Listening on port 52599
WebDriver BiDi listening on ws://localhost:65136
Read port: 52599
1663612151285	RemoteAgent	WARN	TLS certificate errors will be ignored for this session
console.error: Region.jsm: "Error fetching region" (new Error("TIMEOUT", "resource://gre/modules/Region.jsm", 768))
console.error: Region.jsm: "Failed to fetch region" (new Error("TIMEOUT", "resource://gre/modules/Region.jsm", 420))
console.warn: SearchSettings: "get: No settings file exists, new profile?" (new NotFoundError("Could not open the file at C:\\Users\\LENOVO\\AppData\\Local\\Temp\\rust_mozprofilewXoa2m\\search.json.mozlz4", (void 0)))
DevTools listening on ws://localhost:65136/devtools/browser/1caad7d1-73f9-4a50-8882-731cbfceea97
Sep 20, 2022 12:00:01 AM org.openqa.selenium.remote.ProtocolHandshake createSession
INFO: Detected upstream dialect: W3C
JavaScript error: resource://gre/modules/URIFixup.jsm, line 292: NS_ERROR_FAILURE: Should pass a non-null uri
console.warn: LoginRecipes: "Falling back to a synchronous message for: http://orangehrm.qedgetech.com."
console.warn: LoginRecipes: "Falling back to a synchronous message for: http://orangehrm.qedgetech.com."
1663612210284	Marionette	WARN	TimedPromise timed out after 500 ms: stacktrace:
TimedPromise/<@chrome://remote/content/marionette/sync.js:236:24
TimedPromise@chrome://remote/content/marionette/sync.js:221:10
interaction.flushEventLoop@chrome://remote/content/marionette/interaction.js:431:10
webdriverClickElement@chrome://remote/content/marionette/interaction.js:179:31
]]></system-err>
  </testcase>
  <testcase name="correctUsernameTest" classname="com.orangehrm.qa.testcases.HomePageTest" time="0.038">
    <failure message="expected [true] but found [false]" type="java.lang.AssertionError">java.lang.AssertionError: expected [true] but found [false]
	at com.orangehrm.qa.testcases.HomePageTest.correctUsernameTest(HomePageTest.java:39)
</failure>
    <system-out><![CDATA[Before navigating to: 'http://orangehrm.qedgetech.com'
Navigated to:'http://orangehrm.qedgetech.com'
Trying to find Element By : By.id: txtUsername
Found Element By : By.id: txtUsername
Trying to find Element By : By.id: txtPassword
Found Element By : By.id: txtPassword
Trying to find Element By : By.id: btnLogin
Found Element By : By.id: btnLogin
Trying to click on: [[FirefoxDriver: firefox on WINDOWS (7f11dd27-fdb6-473b-ba41-6d205c604f0d)] -> id: btnLogin]
Clicked on: [[FirefoxDriver: firefox on WINDOWS (7f11dd27-fdb6-473b-ba41-6d205c604f0d)] -> id: btnLogin]
Trying to find Element By : By.id: welcome
Found Element By : By.id: welcome
]]></system-out>
    <system-err><![CDATA[1663612234303	Marionette	INFO	Stopped listening on port 52599
1663612238221	geckodriver	INFO	Listening on 127.0.0.1:49681
1663612238332	mozrunner::runner	INFO	Running command: "C:\\Program Files\\Mozilla Firefox\\firefox.exe" "--marionette" "--remote-debugging-port" "60820" "--remote-allow-hosts" "localhost" "--remote-allow-origins" "http://localhost:60820/" "-no-remote" "-profile" "C:\\Users\\LENOVO\\AppData\\Local\\Temp\\rust_mozprofileG7BFyD"
1663612241369	Marionette	INFO	Marionette enabled
1663612241380	Marionette	INFO	Listening on port 53909
WebDriver BiDi listening on ws://localhost:60820
Read port: 53909
1663612244100	RemoteAgent	WARN	TLS certificate errors will be ignored for this session
console.warn: SearchSettings: "get: No settings file exists, new profile?" (new NotFoundError("Could not open the file at C:\\Users\\LENOVO\\AppData\\Local\\Temp\\rust_mozprofileG7BFyD\\search.json.mozlz4", (void 0)))
DevTools listening on ws://localhost:60820/devtools/browser/2d26234e-55a5-4037-88e9-16f838961379
Sep 20, 2022 12:00:47 AM org.openqa.selenium.remote.ProtocolHandshake createSession
INFO: Detected upstream dialect: W3C
JavaScript error: resource://gre/modules/URIFixup.jsm, line 292: NS_ERROR_FAILURE: Should pass a non-null uri
console.warn: LoginRecipes: "Falling back to a synchronous message for: http://orangehrm.qedgetech.com."
console.warn: LoginRecipes: "Falling back to a synchronous message for: http://orangehrm.qedgetech.com."
]]></system-err>
  </testcase>
  <testcase name="homePageTitleTest" classname="com.orangehrm.qa.testcases.HomePageTest" time="0.009"/>
  <testcase name="logoutTest" classname="com.orangehrm.qa.testcases.HomePageTest" time="1.481"/>
  <testcase name="loginPageTitleTest" classname="com.orangehrm.qa.testcases.LoginPageTest" time="0.013"/>
  <testcase name="orangeHrmLogoTest" classname="com.orangehrm.qa.testcases.LoginPageTest" time="20.149">
    <failure message="Unable to locate element: //img[@src=&apos;/symfony/web/webres_6315bbebe9e877.26918613/themes/default/images/login/logo.png&apos;]&#10;For documentation on this error, please visit: https://selenium.dev/exceptions/#no_such_element&#10;Build info: version: &apos;4.4.0&apos;, revision: &apos;e5c75ed026a&apos;&#10;System info: host: &apos;DESKTOP-2GDR6HM&apos;, ip: &apos;192.168.1.7&apos;, os.name: &apos;Windows 10&apos;, os.arch: &apos;amd64&apos;, os.version: &apos;10.0&apos;, java.version: &apos;11.0.16.1&apos;&#10;Driver info: org.openqa.selenium.firefox.FirefoxDriver&#10;Command: [db87a152-24f0-41b2-8a21-bd34e4390e2e, findElement {using=xpath, value=//img[@src=&apos;/symfony/web/webres_6315bbebe9e877.26918613/themes/default/images/login/logo.png&apos;]}]&#10;Capabilities {acceptInsecureCerts: true, browserName: firefox, browserVersion: 104.0.2, moz:accessibilityChecks: false, moz:buildID: 20220902153754, moz:debuggerAddress: localhost:55091, moz:geckodriverVersion: 0.31.0, moz:headless: false, moz:platformVersion: 10.0, moz:processID: 10184, moz:profile: C:\Users\LENOVO\AppData\Loc..., moz:shutdownTimeout: 60000, moz:useNonSpecCompliantPointerOrigin: false, moz:webdriverClick: true, moz:windowless: false, pageLoadStrategy: normal, platformName: WINDOWS, proxy: Proxy(), se:cdp: ws://localhost:55091/devtoo..., se:cdpVersion: 85.0, setWindowRect: true, strictFileInteractability: false, timeouts: {implicit: 0, pageLoad: 300000, script: 30000}, unhandledPromptBehavior: dismiss and notify}&#10;Session ID: db87a152-24f0-41b2-8a21-bd34e4390e2e" type="org.openqa.selenium.NoSuchElementException">org.openqa.selenium.NoSuchElementException: 
Unable to locate element: //img[@src='/symfony/web/webres_6315bbebe9e877.26918613/themes/default/images/login/logo.png']
For documentation on this error, please visit: https://selenium.dev/exceptions/#no_such_element
Build info: version: '4.4.0', revision: 'e5c75ed026a'
System info: host: 'DESKTOP-2GDR6HM', ip: '192.168.1.7', os.name: 'Windows 10', os.arch: 'amd64', os.version: '10.0', java.version: '11.0.16.1'
Driver info: org.openqa.selenium.firefox.FirefoxDriver
Command: [db87a152-24f0-41b2-8a21-bd34e4390e2e, findElement {using=xpath, value=//img[@src='/symfony/web/webres_6315bbebe9e877.26918613/themes/default/images/login/logo.png']}]
Capabilities {acceptInsecureCerts: true, browserName: firefox, browserVersion: 104.0.2, moz:accessibilityChecks: false, moz:buildID: 20220902153754, moz:debuggerAddress: localhost:55091, moz:geckodriverVersion: 0.31.0, moz:headless: false, moz:platformVersion: 10.0, moz:processID: 10184, moz:profile: C:\Users\LENOVO\AppData\Loc..., moz:shutdownTimeout: 60000, moz:useNonSpecCompliantPointerOrigin: false, moz:webdriverClick: true, moz:windowless: false, pageLoadStrategy: normal, platformName: WINDOWS, proxy: Proxy(), se:cdp: ws://localhost:55091/devtoo..., se:cdpVersion: 85.0, setWindowRect: true, strictFileInteractability: false, timeouts: {implicit: 0, pageLoad: 300000, script: 30000}, unhandledPromptBehavior: dismiss and notify}
Session ID: db87a152-24f0-41b2-8a21-bd34e4390e2e
	at com.orangehrm.qa.testcases.LoginPageTest.orangeHrmLogoTest(LoginPageTest.java:33)
</failure>
    <system-out><![CDATA[Before navigating to: 'http://orangehrm.qedgetech.com'
Navigated to:'http://orangehrm.qedgetech.com'
Trying to find Element By : By.xpath: //img[@src='/symfony/web/webres_6315bbebe9e877.26918613/themes/default/images/login/logo.png']
Exception occured: org.openqa.selenium.NoSuchElementException: Unable to locate element: //img[@src='/symfony/web/webres_6315bbebe9e877.26918613/themes/default/images/login/logo.png']
For documentation on this error, please visit: https://selenium.dev/exceptions/#no_such_element
Build info: version: '4.4.0', revision: 'e5c75ed026a'
System info: host: 'DESKTOP-2GDR6HM', ip: '192.168.1.7', os.name: 'Windows 10', os.arch: 'amd64', os.version: '10.0', java.version: '11.0.16.1'
Driver info: org.openqa.selenium.firefox.FirefoxDriver
Command: [db87a152-24f0-41b2-8a21-bd34e4390e2e, findElement {using=xpath, value=//img[@src='/symfony/web/webres_6315bbebe9e877.26918613/themes/default/images/login/logo.png']}]
Capabilities {acceptInsecureCerts: true, browserName: firefox, browserVersion: 104.0.2, moz:accessibilityChecks: false, moz:buildID: 20220902153754, moz:debuggerAddress: localhost:55091, moz:geckodriverVersion: 0.31.0, moz:headless: false, moz:platformVersion: 10.0, moz:processID: 10184, moz:profile: C:\Users\LENOVO\AppData\Loc..., moz:shutdownTimeout: 60000, moz:useNonSpecCompliantPointerOrigin: false, moz:webdriverClick: true, moz:windowless: false, pageLoadStrategy: normal, platformName: WINDOWS, proxy: Proxy(), se:cdp: ws://localhost:55091/devtoo..., se:cdpVersion: 85.0, setWindowRect: true, strictFileInteractability: false, timeouts: {implicit: 0, pageLoad: 300000, script: 30000}, unhandledPromptBehavior: dismiss and notify}
Session ID: db87a152-24f0-41b2-8a21-bd34e4390e2e
]]></system-out>
    <system-err><![CDATA[1663612299606	Marionette	INFO	Stopped listening on port 54826
[Parent 10064, IPC I/O Parent] WARNING: file /builds/worker/checkouts/gecko/ipc/chromium/src/base/process_util_win.cc:167
1663612302707	geckodriver	INFO	Listening on 127.0.0.1:62477
1663612302725	mozrunner::runner	INFO	Running command: "C:\\Program Files\\Mozilla Firefox\\firefox.exe" "--marionette" "--remote-debugging-port" "55091" "--remote-allow-hosts" "localhost" "--remote-allow-origins" "http://localhost:55091/" "-no-remote" "-profile" "C:\\Users\\LENOVO\\AppData\\Local\\Temp\\rust_mozprofileEp9xnx"
1663612303252	Marionette	INFO	Marionette enabled
1663612303261	Marionette	INFO	Listening on port 54966
WebDriver BiDi listening on ws://localhost:55091
Read port: 54966
1663612303844	RemoteAgent	WARN	TLS certificate errors will be ignored for this session
console.warn: SearchSettings: "get: No settings file exists, new profile?" (new NotFoundError("Could not open the file at C:\\Users\\LENOVO\\AppData\\Local\\Temp\\rust_mozprofileEp9xnx\\search.json.mozlz4", (void 0)))
DevTools listening on ws://localhost:55091/devtools/browser/51fd430c-d61a-4342-930c-8ae95c10a15e
Sep 20, 2022 12:01:47 AM org.openqa.selenium.remote.ProtocolHandshake createSession
INFO: Detected upstream dialect: W3C
JavaScript error: resource://gre/modules/URIFixup.jsm, line 292: NS_ERROR_FAILURE: Should pass a non-null uri
]]></system-err>
  </testcase>
  <testcase name="candidateSearchTest" classname="com.orangehrm.qa.testcases.RecruitmentPageTest" time="0.905"/>
  <testcase name="loginTest" classname="com.orangehrm.qa.testcases.LoginPageTest" time="3.623"/>
  <testcase name="selectingCadidatesTest" classname="com.orangehrm.qa.testcases.RecruitmentPageTest" time="20.152">
    <failure message="Unable to locate element: //a[contains(text(),&apos;Palasa&apos;)]//parent::td[@class=&apos;left&apos;]//preceding-sibling::td//input&#10;For documentation on this error, please visit: https://selenium.dev/exceptions/#no_such_element&#10;Build info: version: &apos;4.4.0&apos;, revision: &apos;e5c75ed026a&apos;&#10;System info: host: &apos;DESKTOP-2GDR6HM&apos;, ip: &apos;192.168.1.7&apos;, os.name: &apos;Windows 10&apos;, os.arch: &apos;amd64&apos;, os.version: &apos;10.0&apos;, java.version: &apos;11.0.16.1&apos;&#10;Driver info: org.openqa.selenium.firefox.FirefoxDriver&#10;Command: [599b9350-d94d-46be-b983-fa3d8634572f, findElement {using=xpath, value=//a[contains(text(),&apos;Palasa&apos;)]//parent::td[@class=&apos;left&apos;]//preceding-sibling::td//input}]&#10;Capabilities {acceptInsecureCerts: true, browserName: firefox, browserVersion: 104.0.2, moz:accessibilityChecks: false, moz:buildID: 20220902153754, moz:debuggerAddress: localhost:65341, moz:geckodriverVersion: 0.31.0, moz:headless: false, moz:platformVersion: 10.0, moz:processID: 9840, moz:profile: C:\Users\LENOVO\AppData\Loc..., moz:shutdownTimeout: 60000, moz:useNonSpecCompliantPointerOrigin: false, moz:webdriverClick: true, moz:windowless: false, pageLoadStrategy: normal, platformName: WINDOWS, proxy: Proxy(), se:cdp: ws://localhost:65341/devtoo..., se:cdpVersion: 85.0, setWindowRect: true, strictFileInteractability: false, timeouts: {implicit: 0, pageLoad: 300000, script: 30000}, unhandledPromptBehavior: dismiss and notify}&#10;Session ID: 599b9350-d94d-46be-b983-fa3d8634572f" type="org.openqa.selenium.NoSuchElementException">org.openqa.selenium.NoSuchElementException: 
Unable to locate element: //a[contains(text(),'Palasa')]//parent::td[@class='left']//preceding-sibling::td//input
For documentation on this error, please visit: https://selenium.dev/exceptions/#no_such_element
Build info: version: '4.4.0', revision: 'e5c75ed026a'
System info: host: 'DESKTOP-2GDR6HM', ip: '192.168.1.7', os.name: 'Windows 10', os.arch: 'amd64', os.version: '10.0', java.version: '11.0.16.1'
Driver info: org.openqa.selenium.firefox.FirefoxDriver
Command: [599b9350-d94d-46be-b983-fa3d8634572f, findElement {using=xpath, value=//a[contains(text(),'Palasa')]//parent::td[@class='left']//preceding-sibling::td//input}]
Capabilities {acceptInsecureCerts: true, browserName: firefox, browserVersion: 104.0.2, moz:accessibilityChecks: false, moz:buildID: 20220902153754, moz:debuggerAddress: localhost:65341, moz:geckodriverVersion: 0.31.0, moz:headless: false, moz:platformVersion: 10.0, moz:processID: 9840, moz:profile: C:\Users\LENOVO\AppData\Loc..., moz:shutdownTimeout: 60000, moz:useNonSpecCompliantPointerOrigin: false, moz:webdriverClick: true, moz:windowless: false, pageLoadStrategy: normal, platformName: WINDOWS, proxy: Proxy(), se:cdp: ws://localhost:65341/devtoo..., se:cdpVersion: 85.0, setWindowRect: true, strictFileInteractability: false, timeouts: {implicit: 0, pageLoad: 300000, script: 30000}, unhandledPromptBehavior: dismiss and notify}
Session ID: 599b9350-d94d-46be-b983-fa3d8634572f
	at com.orangehrm.qa.testcases.RecruitmentPageTest.selectingCadidatesTest(RecruitmentPageTest.java:42)
</failure>
    <system-out><![CDATA[Before navigating to: 'http://orangehrm.qedgetech.com'
Navigated to:'http://orangehrm.qedgetech.com'
Trying to find Element By : By.id: txtUsername
Found Element By : By.id: txtUsername
Trying to find Element By : By.id: txtPassword
Found Element By : By.id: txtPassword
Trying to find Element By : By.id: btnLogin
Found Element By : By.id: btnLogin
Trying to click on: [[FirefoxDriver: firefox on WINDOWS (599b9350-d94d-46be-b983-fa3d8634572f)] -> id: btnLogin]
Clicked on: [[FirefoxDriver: firefox on WINDOWS (599b9350-d94d-46be-b983-fa3d8634572f)] -> id: btnLogin]
Trying to find Element By : By.xpath: //a[@id='menu_recruitment_viewRecruitmentModule']
Found Element By : By.xpath: //a[@id='menu_recruitment_viewRecruitmentModule']
Trying to find Element By : By.linkText: Candidates
Found Element By : By.linkText: Candidates
Trying to click on: [[FirefoxDriver: firefox on WINDOWS (599b9350-d94d-46be-b983-fa3d8634572f)] -> link text: Candidates]
Clicked on: [[FirefoxDriver: firefox on WINDOWS (599b9350-d94d-46be-b983-fa3d8634572f)] -> link text: Candidates]
Trying to find Element By : By.xpath: //a[contains(text(),'Palasa')]//parent::td[@class='left']//preceding-sibling::td//input
Exception occured: org.openqa.selenium.NoSuchElementException: Unable to locate element: //a[contains(text(),'Palasa')]//parent::td[@class='left']//preceding-sibling::td//input
For documentation on this error, please visit: https://selenium.dev/exceptions/#no_such_element
Build info: version: '4.4.0', revision: 'e5c75ed026a'
System info: host: 'DESKTOP-2GDR6HM', ip: '192.168.1.7', os.name: 'Windows 10', os.arch: 'amd64', os.version: '10.0', java.version: '11.0.16.1'
Driver info: org.openqa.selenium.firefox.FirefoxDriver
Command: [599b9350-d94d-46be-b983-fa3d8634572f, findElement {using=xpath, value=//a[contains(text(),'Palasa')]//parent::td[@class='left']//preceding-sibling::td//input}]
Capabilities {acceptInsecureCerts: true, browserName: firefox, browserVersion: 104.0.2, moz:accessibilityChecks: false, moz:buildID: 20220902153754, moz:debuggerAddress: localhost:65341, moz:geckodriverVersion: 0.31.0, moz:headless: false, moz:platformVersion: 10.0, moz:processID: 9840, moz:profile: C:\Users\LENOVO\AppData\Loc..., moz:shutdownTimeout: 60000, moz:useNonSpecCompliantPointerOrigin: false, moz:webdriverClick: true, moz:windowless: false, pageLoadStrategy: normal, platformName: WINDOWS, proxy: Proxy(), se:cdp: ws://localhost:65341/devtoo..., se:cdpVersion: 85.0, setWindowRect: true, strictFileInteractability: false, timeouts: {implicit: 0, pageLoad: 300000, script: 30000}, unhandledPromptBehavior: dismiss and notify}
Session ID: 599b9350-d94d-46be-b983-fa3d8634572f
]]></system-out>
    <system-err><![CDATA[1663612370291	Marionette	INFO	Stopped listening on port 55466
1663612372544	geckodriver	INFO	Listening on 127.0.0.1:59218
1663612372567	mozrunner::runner	INFO	Running command: "C:\\Program Files\\Mozilla Firefox\\firefox.exe" "--marionette" "--remote-debugging-port" "65341" "--remote-allow-hosts" "localhost" "--remote-allow-origins" "http://localhost:65341/" "-no-remote" "-profile" "C:\\Users\\LENOVO\\AppData\\Local\\Temp\\rust_mozprofileaSVage"
1663612373175	Marionette	INFO	Marionette enabled
1663612373183	Marionette	INFO	Listening on port 55572
WebDriver BiDi listening on ws://localhost:65341
Read port: 55572
1663612373746	RemoteAgent	WARN	TLS certificate errors will be ignored for this session
console.warn: SearchSettings: "get: No settings file exists, new profile?" (new NotFoundError("Could not open the file at C:\\Users\\LENOVO\\AppData\\Local\\Temp\\rust_mozprofileaSVage\\search.json.mozlz4", (void 0)))
DevTools listening on ws://localhost:65341/devtools/browser/5119cb67-de81-4604-af49-26ad1a3c2a96
Sep 20, 2022 12:02:57 AM org.openqa.selenium.remote.ProtocolHandshake createSession
INFO: Detected upstream dialect: W3C
JavaScript error: resource://gre/modules/URIFixup.jsm, line 292: NS_ERROR_FAILURE: Should pass a non-null uri
console.warn: LoginRecipes: "Falling back to a synchronous message for: http://orangehrm.qedgetech.com."
console.warn: LoginRecipes: "Falling back to a synchronous message for: http://orangehrm.qedgetech.com."
]]></system-err>
  </testcase>
  <testcase name="addCandidatesTest" classname="com.orangehrm.qa.testcases.RecruitmentPageTest" time="2.437"/>
  <testcase name="addCandidatesTest" classname="com.orangehrm.qa.testcases.RecruitmentPageTest" time="2.583"/>
  <testcase name="addCandidatesTest" classname="com.orangehrm.qa.testcases.RecruitmentPageTest" time="2.975"/>
  <testcase name="addCandidatesTest" classname="com.orangehrm.qa.testcases.RecruitmentPageTest" time="2.407"/>
  <testcase name="addCandidatesTest" classname="com.orangehrm.qa.testcases.RecruitmentPageTest" time="2.356"/>
</testsuite>