<?xml version="1.0" encoding="UTF-8"?>
<!-- Generated by org.testng.reporters.JUnitXMLReporter -->
<testsuite hostname="DESKTOP-2GDR6HM" ignored="0" name="OrangeHrm App Test Cases" tests="14" failures="0" timestamp="2022-09-09T16:50:01 IST" time="365.747" errors="0">
  <testcase name="loginPageTitleTest" time="0.171" classname="com.orangehrm.qa.testcases.LoginPageTest"/>
  <testcase name="orangeHrmLogoTest" time="0.261" classname="com.orangehrm.qa.testcases.LoginPageTest"/>
  <testcase name="loginTest" time="4.238" classname="com.orangehrm.qa.testcases.LoginPageTest"/>
  <testcase name="clickOnRecruitmentTest" time="1.877" classname="com.orangehrm.qa.testcases.HomePageTest"/>
  <testcase name="correctUsernameTest" time="0.035" classname="com.orangehrm.qa.testcases.HomePageTest"/>
  <testcase name="homePageTitleTest" time="0.009" classname="com.orangehrm.qa.testcases.HomePageTest"/>
  <testcase name="logoutTest" time="1.475" classname="com.orangehrm.qa.testcases.HomePageTest"/>
  <testcase name="candidateSearchTest" time="0.979" classname="com.orangehrm.qa.testcases.RecruitmentPageTest"/>
  <testcase name="selectingCadidatesTest" time="0.294" classname="com.orangehrm.qa.testcases.RecruitmentPageTest"/>
  <testcase name="addCandidatesTest" time="2.159" classname="com.orangehrm.qa.testcases.RecruitmentPageTest"/>
  <testcase name="addCandidatesTest" time="2.759" classname="com.orangehrm.qa.testcases.RecruitmentPageTest"/>
  <testcase name="addCandidatesTest" time="2.579" classname="com.orangehrm.qa.testcases.RecruitmentPageTest"/>
  <testcase name="addCandidatesTest" time="7.939" classname="com.orangehrm.qa.testcases.RecruitmentPageTest"/>
  <testcase name="addCandidatesTest" time="2.206" classname="com.orangehrm.qa.testcases.RecruitmentPageTest"/>
</testsuite> <!-- OrangeHrm App Test Cases -->
